 -----------------------------------------
 COSMOtherm Version 19.0.4 (Revision 5514)
 -----------------------------------------
 written by Frank Eckert, Andreas Klamt, Larissa Koch, Selman Terzi
 Copyright (C) 1999-2019, COSMOlogic GmbH & Co. KG, a Dassault Systemes company

 Job name   : !! generated by COSMOthermX !!
 Job date   : 07/05/2023
 Job time   : 10:53:23
 Hostname   : unknown
 OS type    : unknown
 Executable : Linux 64-bit

 Reading COSMOtherm parameter file BP_TZVP_19.ctd from directory /home/pcmt/COSMOlogic/COSMOthermX/COSMOthermX19.0.4/COSMOthermX/../COSMOtherm/CTDATA-FILES/
 Info: # COSMOtherm parameter file ./BP_TZVP_19.ctd for BP-TZVP optimized COSMO files                                                                        

 Reading COSMOtherm license key license.txt from directory /home/pcmt/COSMOlogic/COSMOthermX/COSMOthermX19.0.4/COSMOthermX/../licensefiles/

 COSMOtherm license key expiration date 05/15/2025
 COSMOtherm license key version 22
 Customer : 200000000019588
 ID       : LKO2275123

 License keys:
  product                   |    licensed version    | status
 ------------------------------------------------------------------------------ 
  COSMOtherm                |          22            | active
  TURBOMOLE                 |          22            | active
  COSMOquick                |          22            | active
  COSMOconf                 |          22            | active
  COSMOmic                  |          22            | active
  COSMObase                 |          22            | active
  COSMObaseIL               |          19            | active
  COSMOperm                 |          22            | active
  COSMOplex                 |          22            | active
 ------------------------------------------------------------------------------ 
 
 Note: Vapor pressure / property file could not be found for compound 1
 Reading COSMO information for compound 1 conformer 1 from file /home/shaaban/Gaussian/cosmors/thiocyanate/klamt-deftzvp/pa_oh4_ncs-bp86-cosmors-deftzvp-klamt.cosmo
 Reading gas phase energy information for compound 1 conformer 1 from file /home/shaaban/Gaussian/cosmors/thiocyanate/klamt-deftzvp/pa_oh4_ncs-bp86-cosmors-deftzvp-klamt.energy
 Note: converting Gaussian COSMO-file information of compound 1 conformer 1
 
 Note: Vapor pressure / property file could not be found for compound 2
 Reading COSMO information for compound 2 conformer 1 from file /home/shaaban/Gaussian/cosmors/thiocyanate/klamt-deftzvp/pao_oh2_ncs_h2o-bp86-cosmors-deftzvp-klamt.cosmo
 Reading gas phase energy information for compound 2 conformer 1 from file /home/shaaban/Gaussian/cosmors/thiocyanate/klamt-deftzvp/pao_oh2_ncs_h2o-bp86-cosmors-deftzvp-klamt.energy
 Note: converting Gaussian COSMO-file information of compound 2 conformer 1
 
 Reading vapor pressure and property information for compound 3 from file /home/pcmt/COSMOlogic/COSMOthermX/COSMOthermX19.0.4/COSMOtherm/DATABASE-COSMO/BP-TZVP-COSMO/h/h2o.vap
 Reading COSMO information for compound 3 conformer 1 from file /home/pcmt/COSMOlogic/COSMOthermX/COSMOthermX19.0.4/COSMOtherm/DATABASE-COSMO/BP-TZVP-COSMO/h/h2o_c0.cosmo
 Reading gas phase energy information for compound 3 conformer 1 from file /home/pcmt/COSMOlogic/COSMOthermX/COSMOthermX19.0.4/COSMOtherm/DATABASE-COSMO/BP-TZVP-COSMO/h/h2o_c0.energy


 --- Compound 1 (pa_oh4_ncs-bp86-cosmors-deftzvp-klamt) ---

 Compound Information for compound 1 conformer 1 (COSMO file /home/shaaban/Gaussian/cosmors/thiocyanate/klamt-deftzvp/pa_oh4_ncs-bp86-cosmors-deftzvp-klamt.cosmo)
 Atomic weights         : 111111111111
 E_COSMO+dE             :    -775932.8619 kcal/mol
 E_gas                  :    -775910.9957 kcal/mol
 E_COSMO-E_gas+dE       :        -21.8662 kcal/mol
 E_diel                 :        -27.3453 kcal/mol
 Averaging corr dE      :          1.4004 kcal/mol
 Area                   :        188.1553 A^2
 Volume                 :        178.3620 A^3
 Molecular Weight       :        357.1484 a.m.u.
 Total COSMO charge     :         -0.0048 a.u.
 Dipole moment (t,x,y,z):         11.3319 -1.11E+01 -2.337620  0.059272 Debye                            
 Sigma moments (1-6)    :          0.0000  1.80E+02 -1.60E+02  5.18E+02 -9.81E+02  2.69E+03              
 H-bond moment (accept) :          1.4355
 H-bond moment (donor)  :          7.3150
 
 Note: Elements with low quality parametrization detected in compound 1 conformer 1
 WARNING: QM computation level of compound 1 conformer 1 could not be determined - it may differ from the QM level of the parameter set.


 --- Compound 2 (pao_oh2_ncs_h2o-bp86-cosmors-deftzvp-klamt) ---

 Compound Information for compound 2 conformer 1 (COSMO file /home/shaaban/Gaussian/cosmors/thiocyanate/klamt-deftzvp/pao_oh2_ncs_h2o-bp86-cosmors-deftzvp-klamt.cosmo)
 Atomic weights         : 111111111111
 E_COSMO+dE             :    -775932.7804 kcal/mol
 E_gas                  :    -775900.9588 kcal/mol
 E_COSMO-E_gas+dE       :        -31.8216 kcal/mol
 E_diel                 :        -38.7140 kcal/mol
 Averaging corr dE      :          1.5633 kcal/mol
 Area                   :        190.1551 A^2
 Volume                 :        180.4045 A^3
 Molecular Weight       :        357.1484 a.m.u.
 Total COSMO charge     :          0.1493 a.u.
 Dipole moment (t,x,y,z):         15.3775  1.51E+01  2.643669 -0.986310 Debye                            
 Sigma moments (1-6)    :          0.0000  2.27E+02 -1.80E+02  6.71E+02 -1.07E+03  3.03E+03              
 H-bond moment (accept) :          4.8260
 H-bond moment (donor)  :         12.9581
 
 Note: Elements with low quality parametrization detected in compound 2 conformer 1
 WARNING: QM computation level of compound 2 conformer 1 could not be determined - it may differ from the QM level of the parameter set.


 --- Compound 3 (h2o) ---

 Experimental data for compound 3 (h2o) :
 CAS registry number for compound 3 (CAS-RN = 7732-18-5)
 Antoine equation coefficients ([mbar]/[K]) for compound 3:        18.8198      3956.2903       -40.6247
 Wagner equation coefficients ([mbar]/[K]) for compound 3:    220600.0000       647.1400        -7.7645         1.4584        -2.7758        -1.2330
 Vapor Pressure [mbar] / Temperature [°C] input for compound 3:
               10.0000            7.0000
              100.0000           45.8000
             1000.0000           99.6000
 Minimum temperature for vapor pressure estimation of compound 3 (TPVMIN = 275.00000 K)
 Maximum temperature for vapor pressure estimation of compound 3 (TPVMAX = 647.00000 K)
 UNIQUAC volume parameter for compound 3 (UNIQUAC_RI = 0.92000)
 UNIQUAC surface parameter for compound 3 (UNIQUAC_QI = 1.40000)
 Boiling temperature of compound 3 (TBOIL = 373.15000 K)
 Melting temperature of compound 3 (TMELT = 273.15000 K)
 Experimental dielectric constant for compound 3 (EPSILON = 78.20000)
 Critical temperature of compound 3 (TCRIT = 647.09600 K)
 Critical pressure of compound 3 (PCRIT = 220640.00000 mbar)
 Critical density of compound 3 (DCRIT = 0.32239 g/ml)
 DIPPR 116 density parameters for compound 3 (EXPDENSDIPPR116 = {0.92619 -1.15605 3.01718 -2.12561 273.16000 647.09500})

 Compound Information for compound 3 conformer 1 (COSMO file /home/pcmt/COSMOlogic/COSMOthermX/COSMOthermX19.0.4/COSMOtherm/DATABASE-COSMO/BP-TZVP-COSMO/h/h2o_c0.cosmo)
 Atomic weights         : 111
 E_COSMO+dE             :     -47990.5023 kcal/mol
 E_gas                  :     -47984.9258 kcal/mol
 E_COSMO-E_gas+dE       :         -5.5765 kcal/mol
 E_diel                 :         -9.5941 kcal/mol
 Averaging corr dE      :          0.5074 kcal/mol
 Area                   :         43.0704 A^2
 Volume                 :         25.6019 A^3
 Molecular Weight       :         18.0153 a.m.u.
 Total COSMO charge     :         -0.0012 a.u.
 Dipole moment (t,x,y,z):          2.4704 -0.001571  0.000479 -2.470362 Debye                            
 Sigma moments (1-6)    :          0.0000  7.49E+01  1.27E+01  1.80E+02  7.16E+01  4.87E+02              
 H-bond moment (accept) :          5.6951
 H-bond moment (donor)  :          3.8536


 Total number of processed compounds:    3


----------------
 START job     1
----------------

 -------------------------------------------------------
 Computation of Henry law coefficients in compound    3
 -------------------------------------------------------



 Results for mixture 1
 ---------------------
 Temperature          :    298.150 K
 Compound Nr.         :         1         2         3
 Compound             : pa_oh4_nc pao_oh2_n       h2o
 Mole Fraction        :    1.0000    0.0000    0.0000

 Compound: 1  (pa_oh4_ncs-bp86-cosmors-deftzvp-klamt)
 Chemical potential of the compound in the mixture :         6.29598 kcal/mol
 Log10(partial pressure [mbar])                    :        -8.41306
 Free energy of molecule in mix (E_COSMO+dE+Mu)    :   -775926.56589 kcal/mol
 Total mean interaction energy in the mix (H_int)  :        -6.43143 kcal/mol
 Misfit interaction energy in the mix (H_MF)       :         5.29469 kcal/mol
 H-Bond interaction energy in the mix (H_HB)       :        -4.21492 kcal/mol
 VdW interaction energy in the mix (H_vdW)         :        -8.45870 kcal/mol
 Gas liquid transition energy in the mix (H_glt)   :         0.94750 kcal/mol




 Results for mixture 2
 ---------------------
 Temperature          :    298.150 K
 Compound Nr.         :         1         2         3
 Compound             : pa_oh4_nc pao_oh2_n       h2o
 Mole Fraction        :    0.0000    1.0000    0.0000

 Compound: 2  (pao_oh2_ncs_h2o-bp86-cosmors-deftzvp-klamt)
 Chemical potential of the compound in the mixture :         5.27565 kcal/mol
 Log10(partial pressure [mbar])                    :       -16.45835
 Free energy of molecule in mix (E_COSMO+dE+Mu)    :   -775927.50475 kcal/mol
 Total mean interaction energy in the mix (H_int)  :       -12.85243 kcal/mol
 Misfit interaction energy in the mix (H_MF)       :         5.27665 kcal/mol
 H-Bond interaction energy in the mix (H_HB)       :       -10.87461 kcal/mol
 VdW interaction energy in the mix (H_vdW)         :        -8.20198 kcal/mol
 Gas liquid transition energy in the mix (H_glt)   :         0.94750 kcal/mol




 Results for mixture 3
 ---------------------
 Temperature          :    298.150 K
 Compound Nr.         :         1         2         3
 Compound             : pa_oh4_nc pao_oh2_n       h2o
 Mole Fraction        :    0.0000    0.0000    1.0000

 Compound: 3  (h2o)
 Chemical potential of the compound in the mixture :         3.61933 kcal/mol
 Log10(partial pressure [mbar])                    :         1.56538
 Free energy of molecule in mix (E_COSMO+dE+Mu)    :    -47986.88300 kcal/mol
 Total mean interaction energy in the mix (H_int)  :        -5.54456 kcal/mol
 Misfit interaction energy in the mix (H_MF)       :         0.28961 kcal/mol
 H-Bond interaction energy in the mix (H_HB)       :        -5.84045 kcal/mol
 VdW interaction energy in the mix (H_vdW)         :        -0.94122 kcal/mol
 Gas liquid transition energy in the mix (H_glt)   :         0.94750 kcal/mol




 Results for mixture 4
 ---------------------
 Temperature          :    298.150 K
 Compound Nr.         :         1         2         3
 Compound             : pa_oh4_nc pao_oh2_n       h2o
 Mole Fraction        :    0.0000    0.0000    1.0000

 Compound: 1  (pa_oh4_ncs-bp86-cosmors-deftzvp-klamt)
 Chemical potential of the compound in the mixture :         6.47619 kcal/mol
 Log10(partial pressure [mbar])                    :        -8.28097
 Free energy of molecule in mix (E_COSMO+dE+Mu)    :   -775926.38568 kcal/mol
 Total mean interaction energy in the mix (H_int)  :       -14.34514 kcal/mol
 Misfit interaction energy in the mix (H_MF)       :         2.99430 kcal/mol
 H-Bond interaction energy in the mix (H_HB)       :       -11.02396 kcal/mol
 VdW interaction energy in the mix (H_vdW)         :        -7.26299 kcal/mol
 Gas liquid transition energy in the mix (H_glt)   :         0.94750 kcal/mol
 Henry law coefficient                             :         0.00000 bar
 Gibbs Free Energy of Solvation                    :       -15.39002 kcal/mol

 Compound: 2  (pao_oh2_ncs_h2o-bp86-cosmors-deftzvp-klamt)
 Chemical potential of the compound in the mixture :         4.39117 kcal/mol
 Log10(partial pressure [mbar])                    :       -17.10668
 Free energy of molecule in mix (E_COSMO+dE+Mu)    :   -775928.38924 kcal/mol
 Total mean interaction energy in the mix (H_int)  :       -18.41566 kcal/mol
 Misfit interaction energy in the mix (H_MF)       :         2.81646 kcal/mol
 H-Bond interaction energy in the mix (H_HB)       :       -15.25557 kcal/mol
 VdW interaction energy in the mix (H_vdW)         :        -6.92406 kcal/mol
 Gas liquid transition energy in the mix (H_glt)   :         0.94750 kcal/mol
 Henry law coefficient                             :         0.00000 bar
 Gibbs Free Energy of Solvation                    :       -27.43048 kcal/mol

 Compound: 3  (h2o)
 Chemical potential of the compound in the mixture :         3.61933 kcal/mol
 Log10(partial pressure [mbar])                    :         1.56538
 Free energy of molecule in mix (E_COSMO+dE+Mu)    :    -47986.88300 kcal/mol
 Total mean interaction energy in the mix (H_int)  :        -5.54456 kcal/mol
 Misfit interaction energy in the mix (H_MF)       :         0.28961 kcal/mol
 H-Bond interaction energy in the mix (H_HB)       :        -5.84045 kcal/mol
 VdW interaction energy in the mix (H_vdW)         :        -0.94122 kcal/mol
 Gas liquid transition energy in the mix (H_glt)   :         0.94750 kcal/mol
 Henry law coefficient                             :         0.03676 bar
 Henry law coefficient using experimental Pvap     :         0.03177 bar
 Gibbs Free Energy of Solvation                    :        -1.95717 kcal/mol


----------------
 END job       1
----------------
