 -----------------------------------------
 COSMOtherm Version 19.0.4 (Revision 5514)
 -----------------------------------------
 written by Frank Eckert, Andreas Klamt, Larissa Koch, Selman Terzi
 Copyright (C) 1999-2019, COSMOlogic GmbH & Co. KG, a Dassault Systemes company

 Job name   : !! generated by COSMOthermX !!
 Job date   : 06/22/2023
 Job time   : 15:07:27
 Hostname   : unknown
 OS type    : unknown
 Executable : Linux 64-bit

 Reading COSMOtherm parameter file BP_TZVP_19.ctd from directory /home/pcmt/COSMOlogic/COSMOthermX/COSMOthermX19.0.4/COSMOthermX/../COSMOtherm/CTDATA-FILES/
 Info: # COSMOtherm parameter file ./BP_TZVP_19.ctd for BP-TZVP optimized COSMO files                                                                        

 Reading COSMOtherm license key license.txt from directory /home/pcmt/COSMOlogic/COSMOthermX/COSMOthermX19.0.4/COSMOthermX/../licensefiles/

 COSMOtherm license key expiration date 05/15/2025
 COSMOtherm license key version 22
 Customer : 200000000019588
 ID       : LKO2275123

 License keys:
  product                   |    licensed version    | status
 ------------------------------------------------------------------------------ 
  COSMOtherm                |          22            | active
  TURBOMOLE                 |          22            | active
  COSMOquick                |          22            | active
  COSMOconf                 |          22            | active
  COSMOmic                  |          22            | active
  COSMObase                 |          22            | active
  COSMObaseIL               |          19            | active
  COSMOperm                 |          22            | active
  COSMOplex                 |          22            | active
 ------------------------------------------------------------------------------ 
 
 Reading vapor pressure and property information for compound 1 from file /home/pcmt/COSMOlogic/COSMOthermX/COSMOthermX19.0.4/COSMOtherm/DATABASE-COSMO/BP-TZVP-COSMO/h/h2o.vap
 Reading COSMO information for compound 1 conformer 1 from file /home/pcmt/COSMOlogic/COSMOthermX/COSMOthermX19.0.4/COSMOtherm/DATABASE-COSMO/BP-TZVP-COSMO/h/h2o_c0.cosmo
 Reading gas phase energy information for compound 1 conformer 1 from file /home/pcmt/COSMOlogic/COSMOthermX/COSMOthermX19.0.4/COSMOtherm/DATABASE-COSMO/BP-TZVP-COSMO/h/h2o_c0.energy
 
 Note: Vapor pressure / property file could not be found for compound 2
 Reading COSMO information for compound 2 conformer 1 from file /home/shaaban/Gaussian/cosmors/Klamt-def-TZVP/pao_oh3_h2o-bp86-cosmors-deftzvp-klamt.cosmo
 Reading gas phase energy information for compound 2 conformer 1 from file /home/shaaban/Gaussian/cosmors/Klamt-def-TZVP/pao_oh3_h2o-bp86-cosmors-deftzvp-klamt.energy
 Note: converting Gaussian COSMO-file information of compound 2 conformer 1
 
 Note: Vapor pressure / property file could not be found for compound 3
 Reading COSMO information for compound 3 conformer 1 from file /home/shaaban/Gaussian/cosmors/Klamt-def-TZVP/paoh5-bp86-cosmors-deftzvp-klamt.cosmo
 Reading gas phase energy information for compound 3 conformer 1 from file /home/shaaban/Gaussian/cosmors/Klamt-def-TZVP/paoh5-bp86-cosmors-deftzvp-klamt.energy
 Note: converting Gaussian COSMO-file information of compound 3 conformer 1


 --- Compound 1 (h2o) ---

 Experimental data for compound 1 (h2o) :
 CAS registry number for compound 1 (CAS-RN = 7732-18-5)
 Antoine equation coefficients ([mbar]/[K]) for compound 1:        18.8198      3956.2903       -40.6247
 Wagner equation coefficients ([mbar]/[K]) for compound 1:    220600.0000       647.1400        -7.7645         1.4584        -2.7758        -1.2330
 Vapor Pressure [mbar] / Temperature [°C] input for compound 1:
               10.0000            7.0000
              100.0000           45.8000
             1000.0000           99.6000
 Minimum temperature for vapor pressure estimation of compound 1 (TPVMIN = 275.00000 K)
 Maximum temperature for vapor pressure estimation of compound 1 (TPVMAX = 647.00000 K)
 UNIQUAC volume parameter for compound 1 (UNIQUAC_RI = 0.92000)
 UNIQUAC surface parameter for compound 1 (UNIQUAC_QI = 1.40000)
 Boiling temperature of compound 1 (TBOIL = 373.15000 K)
 Melting temperature of compound 1 (TMELT = 273.15000 K)
 Experimental dielectric constant for compound 1 (EPSILON = 78.20000)
 Critical temperature of compound 1 (TCRIT = 647.09600 K)
 Critical pressure of compound 1 (PCRIT = 220640.00000 mbar)
 Critical density of compound 1 (DCRIT = 0.32239 g/ml)
 DIPPR 116 density parameters for compound 1 (EXPDENSDIPPR116 = {0.92619 -1.15605 3.01718 -2.12561 273.16000 647.09500})

 Compound Information for compound 1 conformer 1 (COSMO file /home/pcmt/COSMOlogic/COSMOthermX/COSMOthermX19.0.4/COSMOtherm/DATABASE-COSMO/BP-TZVP-COSMO/h/h2o_c0.cosmo)
 Atomic weights         : 111
 E_COSMO+dE             :     -47990.5023 kcal/mol
 E_gas                  :     -47984.9258 kcal/mol
 E_COSMO-E_gas+dE       :         -5.5765 kcal/mol
 E_diel                 :         -9.5941 kcal/mol
 Averaging corr dE      :          0.5074 kcal/mol
 Area                   :         43.0704 A^2
 Volume                 :         25.6019 A^3
 Molecular Weight       :         18.0153 a.m.u.
 Total COSMO charge     :         -0.0012 a.u.
 Dipole moment (t,x,y,z):          2.4704 -0.001571  0.000479 -2.470362 Debye                            
 Sigma moments (1-6)    :          0.0000  7.49E+01  1.27E+01  1.80E+02  7.16E+01  4.87E+02              
 H-bond moment (accept) :          5.6951
 H-bond moment (donor)  :          3.8536


 --- Compound 2 (pao_oh3_h2o-bp86-cosmors-deftzvp-klamt) ---

 Compound Information for compound 2 conformer 1 (COSMO file /home/shaaban/Gaussian/cosmors/Klamt-def-TZVP/pao_oh3_h2o-bp86-cosmors-deftzvp-klamt.cosmo)
 Atomic weights         : 11111111111
 E_COSMO+dE             :    -515337.2140 kcal/mol
 E_gas                  :    -515308.7711 kcal/mol
 E_COSMO-E_gas+dE       :        -28.4429 kcal/mol
 E_diel                 :        -34.5731 kcal/mol
 Averaging corr dE      :          1.7611 kcal/mol
 Area                   :        146.4653 A^2
 Volume                 :        134.2896 A^3
 Molecular Weight       :        316.0728 a.m.u.
 Total COSMO charge     :          0.1350 a.u.
 Dipole moment (t,x,y,z):          8.5361  7.055793  4.583953 -1.438166 Debye                            
 Sigma moments (1-6)    :          0.0000  2.38E+02 -3.48E+01  6.65E+02 -3.08E+02  2.34E+03              
 H-bond moment (accept) :         15.0052
 H-bond moment (donor)  :         11.3121
 
 Note: Elements with low quality parametrization detected in compound 2 conformer 1
 WARNING: QM computation level of compound 2 conformer 1 could not be determined - it may differ from the QM level of the parameter set.


 --- Compound 3 (paoh5-bp86-cosmors-deftzvp-klamt) ---

 Compound Information for compound 3 conformer 1 (COSMO file /home/shaaban/Gaussian/cosmors/Klamt-def-TZVP/paoh5-bp86-cosmors-deftzvp-klamt.cosmo)
 Atomic weights         : 11111111111
 E_COSMO+dE             :    -515341.1755 kcal/mol
 E_gas                  :    -515323.7665 kcal/mol
 E_COSMO-E_gas+dE       :        -17.4090 kcal/mol
 E_diel                 :        -20.4985 kcal/mol
 Averaging corr dE      :          1.7478 kcal/mol
 Area                   :        144.4243 A^2
 Volume                 :        131.9279 A^3
 Molecular Weight       :        316.0728 a.m.u.
 Total COSMO charge     :         -0.0007 a.u.
 Dipole moment (t,x,y,z):          2.0649  1.421694 -0.198340 -1.484378 Debye                            
 Sigma moments (1-6)    :          0.0000  1.84E+02 -4.29E+01  4.36E+02 -3.23E+02  1.50E+03              
 H-bond moment (accept) :          7.5542
 H-bond moment (donor)  :          6.2880
 
 Note: Elements with low quality parametrization detected in compound 3 conformer 1
 WARNING: QM computation level of compound 3 conformer 1 could not be determined - it may differ from the QM level of the parameter set.


 Total number of processed compounds:    3


----------------
 START job     1
----------------

 -------------------------------------------------------
 Computation of Henry law coefficients in compound    1
 -------------------------------------------------------



 Results for mixture 1
 ---------------------
 Temperature          :    298.150 K
 Compound Nr.         :         1         2         3
 Compound             :       h2o pao_oh3_h paoh5-bp8
 Mole Fraction        :    1.0000    0.0000    0.0000

 Compound: 1  (h2o)
 Chemical potential of the compound in the mixture :         3.61933 kcal/mol
 Log10(partial pressure [mbar])                    :         1.56538
 Free energy of molecule in mix (E_COSMO+dE+Mu)    :    -47986.88300 kcal/mol
 Total mean interaction energy in the mix (H_int)  :        -5.54456 kcal/mol
 Misfit interaction energy in the mix (H_MF)       :         0.28961 kcal/mol
 H-Bond interaction energy in the mix (H_HB)       :        -5.84045 kcal/mol
 VdW interaction energy in the mix (H_vdW)         :        -0.94122 kcal/mol
 Gas liquid transition energy in the mix (H_glt)   :         0.94750 kcal/mol




 Results for mixture 2
 ---------------------
 Temperature          :    298.150 K
 Compound Nr.         :         1         2         3
 Compound             :       h2o pao_oh3_h paoh5-bp8
 Mole Fraction        :    0.0000    1.0000    0.0000

 Compound: 2  (pao_oh3_h2o-bp86-cosmors-deftzvp-klamt)
 Chemical potential of the compound in the mixture :         2.04900 kcal/mol
 Log10(partial pressure [mbar])                    :       -16.34689
 Free energy of molecule in mix (E_COSMO+dE+Mu)    :   -515335.16505 kcal/mol
 Total mean interaction energy in the mix (H_int)  :       -20.94941 kcal/mol
 Misfit interaction energy in the mix (H_MF)       :         1.85732 kcal/mol
 H-Bond interaction energy in the mix (H_HB)       :       -19.61113 kcal/mol
 VdW interaction energy in the mix (H_vdW)         :        -4.14310 kcal/mol
 Gas liquid transition energy in the mix (H_glt)   :         0.94750 kcal/mol




 Results for mixture 3
 ---------------------
 Temperature          :    298.150 K
 Compound Nr.         :         1         2         3
 Compound             :       h2o pao_oh3_h paoh5-bp8
 Mole Fraction        :    0.0000    0.0000    1.0000

 Compound: 3  (paoh5-bp86-cosmors-deftzvp-klamt)
 Chemical potential of the compound in the mixture :         4.01422 kcal/mol
 Log10(partial pressure [mbar])                    :        -6.81845
 Free energy of molecule in mix (E_COSMO+dE+Mu)    :   -515337.16131 kcal/mol
 Total mean interaction energy in the mix (H_int)  :       -13.46481 kcal/mol
 Misfit interaction energy in the mix (H_MF)       :         2.19908 kcal/mol
 H-Bond interaction energy in the mix (H_HB)       :       -11.90100 kcal/mol
 VdW interaction energy in the mix (H_vdW)         :        -4.71039 kcal/mol
 Gas liquid transition energy in the mix (H_glt)   :         0.94750 kcal/mol




 Results for mixture 4
 ---------------------
 Temperature          :    298.150 K
 Compound Nr.         :         1         2         3
 Compound             :       h2o pao_oh3_h paoh5-bp8
 Mole Fraction        :    1.0000    0.0000    0.0000

 Compound: 1  (h2o)
 Chemical potential of the compound in the mixture :         3.61933 kcal/mol
 Log10(partial pressure [mbar])                    :         1.56538
 Free energy of molecule in mix (E_COSMO+dE+Mu)    :    -47986.88300 kcal/mol
 Total mean interaction energy in the mix (H_int)  :        -5.54456 kcal/mol
 Misfit interaction energy in the mix (H_MF)       :         0.28961 kcal/mol
 H-Bond interaction energy in the mix (H_HB)       :        -5.84045 kcal/mol
 VdW interaction energy in the mix (H_vdW)         :        -0.94122 kcal/mol
 Gas liquid transition energy in the mix (H_glt)   :         0.94750 kcal/mol
 Henry law coefficient                             :         0.03676 bar
 Henry law coefficient using experimental Pvap     :         0.03177 bar
 Gibbs Free Energy of Solvation                    :        -1.95717 kcal/mol

 Compound: 2  (pao_oh3_h2o-bp86-cosmors-deftzvp-klamt)
 Chemical potential of the compound in the mixture :         0.68190 kcal/mol
 Log10(partial pressure [mbar])                    :       -17.34899
 Free energy of molecule in mix (E_COSMO+dE+Mu)    :   -515336.53215 kcal/mol
 Total mean interaction energy in the mix (H_int)  :       -24.19656 kcal/mol
 Misfit interaction energy in the mix (H_MF)       :         1.82063 kcal/mol
 H-Bond interaction energy in the mix (H_HB)       :       -22.39769 kcal/mol
 VdW interaction energy in the mix (H_vdW)         :        -4.56700 kcal/mol
 Gas liquid transition energy in the mix (H_glt)   :         0.94750 kcal/mol
 Henry law coefficient                             :         0.00000 bar
 Gibbs Free Energy of Solvation                    :       -27.76103 kcal/mol

 Compound: 3  (paoh5-bp86-cosmors-deftzvp-klamt)
 Chemical potential of the compound in the mixture :         4.00188 kcal/mol
 Log10(partial pressure [mbar])                    :        -6.82749
 Free energy of molecule in mix (E_COSMO+dE+Mu)    :   -515337.17365 kcal/mol
 Total mean interaction energy in the mix (H_int)  :       -17.17661 kcal/mol
 Misfit interaction energy in the mix (H_MF)       :         2.06586 kcal/mol
 H-Bond interaction energy in the mix (H_HB)       :       -15.21670 kcal/mol
 VdW interaction energy in the mix (H_vdW)         :        -4.97328 kcal/mol
 Gas liquid transition energy in the mix (H_glt)   :         0.94750 kcal/mol
 Henry law coefficient                             :         0.00000 bar
 Gibbs Free Energy of Solvation                    :       -13.40712 kcal/mol


----------------
 END job       1
----------------
