 -----------------------------------------
 COSMOtherm Version 19.0.4 (Revision 5514)
 -----------------------------------------
 written by Frank Eckert, Andreas Klamt, Larissa Koch, Selman Terzi
 Copyright (C) 1999-2019, COSMOlogic GmbH & Co. KG, a Dassault Systemes company

 Job name   : !! generated by COSMOthermX !!
 Job date   : 07/05/2023
 Job time   : 09:21:33
 Hostname   : unknown
 OS type    : unknown
 Executable : Linux 64-bit

 Reading COSMOtherm parameter file BP_TZVP_19.ctd from directory /home/pcmt/COSMOlogic/COSMOthermX/COSMOthermX19.0.4/COSMOthermX/../COSMOtherm/CTDATA-FILES/
 Info: # COSMOtherm parameter file ./BP_TZVP_19.ctd for BP-TZVP optimized COSMO files                                                                        

 Reading COSMOtherm license key license.txt from directory /home/pcmt/COSMOlogic/COSMOthermX/COSMOthermX19.0.4/COSMOthermX/../licensefiles/

 COSMOtherm license key expiration date 05/15/2025
 COSMOtherm license key version 22
 Customer : 200000000019588
 ID       : LKO2275123

 License keys:
  product                   |    licensed version    | status
 ------------------------------------------------------------------------------ 
  COSMOtherm                |          22            | active
  TURBOMOLE                 |          22            | active
  COSMOquick                |          22            | active
  COSMOconf                 |          22            | active
  COSMOmic                  |          22            | active
  COSMObase                 |          22            | active
  COSMObaseIL               |          19            | active
  COSMOperm                 |          22            | active
  COSMOplex                 |          22            | active
 ------------------------------------------------------------------------------ 
 
 Note: Vapor pressure / property file could not be found for compound 1
 Reading COSMO information for compound 1 conformer 1 from file /home/shaaban/Gaussian/cosmors/sulfate/klamt-deftzvp/pa_oh4_so4-bp86-cosmors-deftzvp-klamt.cosmo
 Reading gas phase energy information for compound 1 conformer 1 from file /home/shaaban/Gaussian/cosmors/sulfate/klamt-deftzvp/pa_oh4_so4-bp86-cosmors-deftzvp-klamt.energy
 Note: converting Gaussian COSMO-file information of compound 1 conformer 1
 
 Note: Vapor pressure / property file could not be found for compound 2
 Reading COSMO information for compound 2 conformer 1 from file /home/shaaban/Gaussian/cosmors/sulfate/klamt-deftzvp/pao_oh2_so4_h2o-bp86-cosmors-deftzvp-klamt.cosmo
 Reading gas phase energy information for compound 2 conformer 1 from file /home/shaaban/Gaussian/cosmors/sulfate/klamt-deftzvp/pao_oh2_so4_h2o-bp86-cosmors-deftzvp-klamt.energy
 Note: converting Gaussian COSMO-file information of compound 2 conformer 1
 
 Reading vapor pressure and property information for compound 3 from file /home/pcmt/COSMOlogic/COSMOthermX/COSMOthermX19.0.4/COSMOtherm/DATABASE-COSMO/BP-TZVP-COSMO/h/h2o.vap
 Reading COSMO information for compound 3 conformer 1 from file /home/pcmt/COSMOlogic/COSMOthermX/COSMOthermX19.0.4/COSMOtherm/DATABASE-COSMO/BP-TZVP-COSMO/h/h2o_c0.cosmo
 Reading gas phase energy information for compound 3 conformer 1 from file /home/pcmt/COSMOlogic/COSMOthermX/COSMOthermX19.0.4/COSMOtherm/DATABASE-COSMO/BP-TZVP-COSMO/h/h2o_c0.energy


 --- Compound 1 (pa_oh4_so4-bp86-cosmors-deftzvp-klamt) ---

 Compound Information for compound 1 conformer 1 (COSMO file /home/shaaban/Gaussian/cosmors/sulfate/klamt-deftzvp/pa_oh4_so4-bp86-cosmors-deftzvp-klamt.cosmo)
 Atomic weights         : 11111111111111
 E_COSMO+dE             :    -906681.7101 kcal/mol
 E_gas                  :    -906611.4738 kcal/mol
 E_COSMO-E_gas+dE       :        -70.2363 kcal/mol
 E_diel                 :        -78.5722 kcal/mol
 Averaging corr dE      :          1.3867 kcal/mol
 Area                   :        184.7996 A^2
 Volume                 :        186.6474 A^3
 Molecular Weight       :        395.1286 a.m.u.
 Total COSMO charge     :          1.0063 a.u.
 Dipole moment (t,x,y,z):          0.0000  0.000000  0.000000  0.000000 Debye                            
 Sigma moments (1-6)    :        100.0000  2.50E+02  1.74E+02  4.65E+02  3.25E+02  9.62E+02              
 H-bond moment (accept) :         16.8299
 H-bond moment (donor)  :          5.4894
 
 Note: Elements with low quality parametrization detected in compound 1 conformer 1
 WARNING: QM computation level of compound 1 conformer 1 could not be determined - it may differ from the QM level of the parameter set.


 --- Compound 2 (pao_oh2_so4_h2o-bp86-cosmors-deftzvp-klamt) ---

 Compound Information for compound 2 conformer 1 (COSMO file /home/shaaban/Gaussian/cosmors/sulfate/klamt-deftzvp/pao_oh2_so4_h2o-bp86-cosmors-deftzvp-klamt.cosmo)
 Atomic weights         : 11111111111111
 E_COSMO+dE             :    -906678.1290 kcal/mol
 E_gas                  :    -906585.4224 kcal/mol
 E_COSMO-E_gas+dE       :        -92.7066 kcal/mol
 E_diel                 :       -106.4212 kcal/mol
 Averaging corr dE      :          1.5036 kcal/mol
 Area                   :        186.8466 A^2
 Volume                 :        187.1370 A^3
 Molecular Weight       :        395.1286 a.m.u.
 Total COSMO charge     :          1.1411 a.u.
 Dipole moment (t,x,y,z):          0.0000  0.000000  0.000000  0.000000 Debye                            
 Sigma moments (1-6)    :        100.0000  3.28E+02  1.93E+02  7.71E+02  3.48E+02  2.02E+03              
 H-bond moment (accept) :         28.5589
 H-bond moment (donor)  :         11.3192
 
 Note: Elements with low quality parametrization detected in compound 2 conformer 1
 WARNING: QM computation level of compound 2 conformer 1 could not be determined - it may differ from the QM level of the parameter set.


 --- Compound 3 (h2o) ---

 Experimental data for compound 3 (h2o) :
 CAS registry number for compound 3 (CAS-RN = 7732-18-5)
 Antoine equation coefficients ([mbar]/[K]) for compound 3:        18.8198      3956.2903       -40.6247
 Wagner equation coefficients ([mbar]/[K]) for compound 3:    220600.0000       647.1400        -7.7645         1.4584        -2.7758        -1.2330
 Vapor Pressure [mbar] / Temperature [°C] input for compound 3:
               10.0000            7.0000
              100.0000           45.8000
             1000.0000           99.6000
 Minimum temperature for vapor pressure estimation of compound 3 (TPVMIN = 275.00000 K)
 Maximum temperature for vapor pressure estimation of compound 3 (TPVMAX = 647.00000 K)
 UNIQUAC volume parameter for compound 3 (UNIQUAC_RI = 0.92000)
 UNIQUAC surface parameter for compound 3 (UNIQUAC_QI = 1.40000)
 Boiling temperature of compound 3 (TBOIL = 373.15000 K)
 Melting temperature of compound 3 (TMELT = 273.15000 K)
 Experimental dielectric constant for compound 3 (EPSILON = 78.20000)
 Critical temperature of compound 3 (TCRIT = 647.09600 K)
 Critical pressure of compound 3 (PCRIT = 220640.00000 mbar)
 Critical density of compound 3 (DCRIT = 0.32239 g/ml)
 DIPPR 116 density parameters for compound 3 (EXPDENSDIPPR116 = {0.92619 -1.15605 3.01718 -2.12561 273.16000 647.09500})

 Compound Information for compound 3 conformer 1 (COSMO file /home/pcmt/COSMOlogic/COSMOthermX/COSMOthermX19.0.4/COSMOtherm/DATABASE-COSMO/BP-TZVP-COSMO/h/h2o_c0.cosmo)
 Atomic weights         : 111
 E_COSMO+dE             :     -47990.5023 kcal/mol
 E_gas                  :     -47984.9258 kcal/mol
 E_COSMO-E_gas+dE       :         -5.5765 kcal/mol
 E_diel                 :         -9.5941 kcal/mol
 Averaging corr dE      :          0.5074 kcal/mol
 Area                   :         43.0704 A^2
 Volume                 :         25.6019 A^3
 Molecular Weight       :         18.0153 a.m.u.
 Total COSMO charge     :         -0.0012 a.u.
 Dipole moment (t,x,y,z):          2.4704 -0.001571  0.000479 -2.470362 Debye                            
 Sigma moments (1-6)    :          0.0000  7.49E+01  1.27E+01  1.80E+02  7.16E+01  4.87E+02              
 H-bond moment (accept) :          5.6951
 H-bond moment (donor)  :          3.8536


 Total number of processed compounds:    3


----------------
 START job     1
----------------

 -------------------------------------------------------
 Computation of Henry law coefficients in compound    3
 -------------------------------------------------------



 Results for mixture 1
 ---------------------
 Temperature          :    298.150 K
 Compound Nr.         :         1         2         3
 Compound             : pa_oh4_so pao_oh2_s       h2o
 Mole Fraction        :    0.0000    0.0000    1.0000

 Compound: 1  (pa_oh4_so4-bp86-cosmors-deftzvp-klamt)
 Chemical potential of the compound in the mixture :        -1.93691 kcal/mol
 Log10(partial pressure [mbar])                    :       -49.90335
 Free energy of molecule in mix (E_COSMO+dE+Mu)    :   -906683.64703 kcal/mol
 Total mean interaction energy in the mix (H_int)  :       -29.59781 kcal/mol
 Misfit interaction energy in the mix (H_MF)       :         1.68869 kcal/mol
 H-Bond interaction energy in the mix (H_HB)       :       -25.32204 kcal/mol
 VdW interaction energy in the mix (H_vdW)         :        -6.91196 kcal/mol
 Gas liquid transition energy in the mix (H_glt)   :         0.94750 kcal/mol




 Results for mixture 2
 ---------------------
 Temperature          :    298.150 K
 Compound Nr.         :         1         2         3
 Compound             : pa_oh4_so pao_oh2_s       h2o
 Mole Fraction        :    0.0000    0.0000    1.0000

 Compound: 2  (pao_oh2_so4_h2o-bp86-cosmors-deftzvp-klamt)
 Chemical potential of the compound in the mixture :        -7.19170 kcal/mol
 Log10(partial pressure [mbar])                    :       -70.22597
 Free energy of molecule in mix (E_COSMO+dE+Mu)    :   -906685.32071 kcal/mol
 Total mean interaction energy in the mix (H_int)  :       -40.24807 kcal/mol
 Misfit interaction energy in the mix (H_MF)       :         1.39853 kcal/mol
 H-Bond interaction energy in the mix (H_HB)       :       -36.11936 kcal/mol
 VdW interaction energy in the mix (H_vdW)         :        -6.47474 kcal/mol
 Gas liquid transition energy in the mix (H_glt)   :         0.94750 kcal/mol




 Results for mixture 3
 ---------------------
 Temperature          :    298.150 K
 Compound Nr.         :         1         2         3
 Compound             : pa_oh4_so pao_oh2_s       h2o
 Mole Fraction        :    0.0000    0.0000    1.0000

 Compound: 3  (h2o)
 Chemical potential of the compound in the mixture :         3.61933 kcal/mol
 Log10(partial pressure [mbar])                    :         1.56538
 Free energy of molecule in mix (E_COSMO+dE+Mu)    :    -47986.88300 kcal/mol
 Total mean interaction energy in the mix (H_int)  :        -5.54456 kcal/mol
 Misfit interaction energy in the mix (H_MF)       :         0.28961 kcal/mol
 H-Bond interaction energy in the mix (H_HB)       :        -5.84045 kcal/mol
 VdW interaction energy in the mix (H_vdW)         :        -0.94122 kcal/mol
 Gas liquid transition energy in the mix (H_glt)   :         0.94750 kcal/mol




 Results for mixture 4
 ---------------------
 Temperature          :    298.150 K
 Compound Nr.         :         1         2         3
 Compound             : pa_oh4_so pao_oh2_s       h2o
 Mole Fraction        :    0.0000    0.0000    1.0000

 Compound: 1  (pa_oh4_so4-bp86-cosmors-deftzvp-klamt)
 Chemical potential of the compound in the mixture :        -1.93691 kcal/mol
 Log10(partial pressure [mbar])                    :       -49.90335
 Free energy of molecule in mix (E_COSMO+dE+Mu)    :   -906683.64703 kcal/mol
 Total mean interaction energy in the mix (H_int)  :       -29.59781 kcal/mol
 Misfit interaction energy in the mix (H_MF)       :         1.68869 kcal/mol
 H-Bond interaction energy in the mix (H_HB)       :       -25.32204 kcal/mol
 VdW interaction energy in the mix (H_vdW)         :        -6.91196 kcal/mol
 Gas liquid transition energy in the mix (H_glt)   :         0.94750 kcal/mol
 Henry law coefficient                             :         0.00000 bar
 Gibbs Free Energy of Solvation                    :       -72.17322 kcal/mol

 Compound: 2  (pao_oh2_so4_h2o-bp86-cosmors-deftzvp-klamt)
 Chemical potential of the compound in the mixture :        -7.19170 kcal/mol
 Log10(partial pressure [mbar])                    :       -70.22597
 Free energy of molecule in mix (E_COSMO+dE+Mu)    :   -906685.32071 kcal/mol
 Total mean interaction energy in the mix (H_int)  :       -40.24807 kcal/mol
 Misfit interaction energy in the mix (H_MF)       :         1.39853 kcal/mol
 H-Bond interaction energy in the mix (H_HB)       :       -36.11936 kcal/mol
 VdW interaction energy in the mix (H_vdW)         :        -6.47474 kcal/mol
 Gas liquid transition energy in the mix (H_glt)   :         0.94750 kcal/mol
 Henry law coefficient                             :         0.00000 bar
 Gibbs Free Energy of Solvation                    :       -99.89828 kcal/mol

 Compound: 3  (h2o)
 Chemical potential of the compound in the mixture :         3.61933 kcal/mol
 Log10(partial pressure [mbar])                    :         1.56538
 Free energy of molecule in mix (E_COSMO+dE+Mu)    :    -47986.88300 kcal/mol
 Total mean interaction energy in the mix (H_int)  :        -5.54456 kcal/mol
 Misfit interaction energy in the mix (H_MF)       :         0.28961 kcal/mol
 H-Bond interaction energy in the mix (H_HB)       :        -5.84045 kcal/mol
 VdW interaction energy in the mix (H_vdW)         :        -0.94122 kcal/mol
 Gas liquid transition energy in the mix (H_glt)   :         0.94750 kcal/mol
 Henry law coefficient                             :         0.03676 bar
 Henry law coefficient using experimental Pvap     :         0.03177 bar
 Gibbs Free Energy of Solvation                    :        -1.95717 kcal/mol


----------------
 END job       1
----------------
